#
# There is insufficient memory for the Java Runtime Environment to continue.
# Native memory allocation (malloc) failed to allocate 1794896 bytes for Chunk::new
# Possible reasons:
#   The system is out of physical RAM or swap space
#   The process is running with CompressedOops enabled, and the Java Heap may be blocking the growth of the native heap
# Possible solutions:
#   Reduce memory load on the system
#   Increase physical memory or swap space
#   Check if swap backing store is full
#   Decrease Java heap size (-Xmx/-Xms)
#   Decrease number of Java threads
#   Decrease Java thread stack sizes (-Xss)
#   Set larger code cache with -XX:ReservedCodeCacheSize=
#   JVM is running with Unscaled Compressed Oops mode in which the Java heap is
#     placed in the first 4GB address space. The Java Heap base address is the
#     maximum limit for the native heap growth. Please use -XX:HeapBaseMinAddress
#     to set the Java Heap base and to place the Java Heap above 4GB virtual address.
# This output file may be truncated or incomplete.
#
#  Out of Memory Error (arena.cpp:189), pid=8844, tid=3980
#
# JRE version: OpenJDK Runtime Environment (17.0.5+8) (build 17.0.5+8-LTS)
# Java VM: OpenJDK 64-Bit Server VM (17.0.5+8-LTS, mixed mode, sharing, tiered, compressed oops, compressed class ptrs, g1 gc, windows-amd64)
# No core dump will be written. Minidumps are not enabled by default on client versions of Windows
#

---------------  S U M M A R Y ------------

Command Line: -javaagent:C:\Program Files\JetBrains\IntelliJ IDEA Community Edition 2022.3.2\lib\idea_rt.jar=59702:C:\Program Files\JetBrains\IntelliJ IDEA Community Edition 2022.3.2\bin -Dfile.encoding=UTF-8 com.example.ob_spring_security.ObSpringSecurityApplication

Host: AMD Phenom(tm) II X4 810 Processor, 4 cores, 3G,  Windows 10 , 64 bit Build 19041 (10.0.19041.2788)
Time: Thu Apr 20 16:08:38 2023 Hora estándar de Argentina elapsed time: 7.774448 seconds (0d 0h 0m 7s)

---------------  T H R E A D  ---------------

Current thread (0x0000019e162cd150):  JavaThread "C2 CompilerThread0" daemon [_thread_in_native, id=3980, stack(0x0000004aa7e00000,0x0000004aa7f00000)]


Current CompileTask:
C2:   7774 1814       4       jdk.internal.org.objectweb.asm.Frame::execute (2305 bytes)

Stack: [0x0000004aa7e00000,0x0000004aa7f00000]
Native frames: (J=compiled Java code, j=interpreted, Vv=VM code, C=native code)
V  [jvm.dll+0x6469ca]
V  [jvm.dll+0x7f7934]
V  [jvm.dll+0x7f90ee]
V  [jvm.dll+0x7f9743]
V  [jvm.dll+0x234a98]
V  [jvm.dll+0xbcb3c]
V  [jvm.dll+0xbd11c]
V  [jvm.dll+0x34d3d2]
V  [jvm.dll+0x31809f]
V  [jvm.dll+0x3174da]
V  [jvm.dll+0x2090a5]
V  [jvm.dll+0x208637]
V  [jvm.dll+0x19882d]
V  [jvm.dll+0x2179dd]
V  [jvm.dll+0x215c24]
V  [jvm.dll+0x7b018b]
V  [jvm.dll+0x7aa73a]
V  [jvm.dll+0x645895]
C  [ucrtbase.dll+0x21bb2]
C  [KERNEL32.DLL+0x17604]
C  [ntdll.dll+0x526a1]


---------------  P R O C E S S  ---------------

Threads class SMR info:
_java_thread_list=0x0000019e36082060, length=13, elements={
0x0000019e161fdc00, 0x0000019e162b7f70, 0x0000019e162b9380, 0x0000019e162ca000,
0x0000019e162ca8c0, 0x0000019e162cb270, 0x0000019e162cbc20, 0x0000019e162cd150,
0x0000019e162ce390, 0x0000019e347fae90, 0x0000019e347ac8e0, 0x0000019e356949d0,
0x0000019e35664120
}

Java Threads: ( => current thread )
  0x0000019e161fdc00 JavaThread "main" [_thread_in_vm, id=7592, stack(0x0000004aa7100000,0x0000004aa7200000)]
  0x0000019e162b7f70 JavaThread "Reference Handler" daemon [_thread_blocked, id=416, stack(0x0000004aa7800000,0x0000004aa7900000)]
  0x0000019e162b9380 JavaThread "Finalizer" daemon [_thread_blocked, id=7516, stack(0x0000004aa7900000,0x0000004aa7a00000)]
  0x0000019e162ca000 JavaThread "Signal Dispatcher" daemon [_thread_blocked, id=5732, stack(0x0000004aa7a00000,0x0000004aa7b00000)]
  0x0000019e162ca8c0 JavaThread "Attach Listener" daemon [_thread_blocked, id=7596, stack(0x0000004aa7b00000,0x0000004aa7c00000)]
  0x0000019e162cb270 JavaThread "Service Thread" daemon [_thread_blocked, id=2612, stack(0x0000004aa7c00000,0x0000004aa7d00000)]
  0x0000019e162cbc20 JavaThread "Monitor Deflation Thread" daemon [_thread_blocked, id=8536, stack(0x0000004aa7d00000,0x0000004aa7e00000)]
=>0x0000019e162cd150 JavaThread "C2 CompilerThread0" daemon [_thread_in_native, id=3980, stack(0x0000004aa7e00000,0x0000004aa7f00000)]
  0x0000019e162ce390 JavaThread "C1 CompilerThread0" daemon [_thread_blocked, id=3580, stack(0x0000004aa7f00000,0x0000004aa8000000)]
  0x0000019e347fae90 JavaThread "Sweeper thread" daemon [_thread_blocked, id=6316, stack(0x0000004aa8000000,0x0000004aa8100000)]
  0x0000019e347ac8e0 JavaThread "Common-Cleaner" daemon [_thread_blocked, id=6408, stack(0x0000004aa8100000,0x0000004aa8200000)]
  0x0000019e356949d0 JavaThread "Monitor Ctrl-Break" daemon [_thread_in_native, id=8472, stack(0x0000004aa8200000,0x0000004aa8300000)]
  0x0000019e35664120 JavaThread "Notification Thread" daemon [_thread_blocked, id=3648, stack(0x0000004aa8300000,0x0000004aa8400000)]

Other Threads:
  0x0000019e162b1cc0 VMThread "VM Thread" [stack: 0x0000004aa7700000,0x0000004aa7800000] [id=5708]
  0x0000019e16247100 WatcherThread [stack: 0x0000004aa8400000,0x0000004aa8500000] [id=736]
  0x0000019e16237c10 GCTaskThread "GC Thread#0" [stack: 0x0000004aa7200000,0x0000004aa7300000] [id=1760]
  0x0000019e3594aeb0 GCTaskThread "GC Thread#1" [stack: 0x0000004aa8500000,0x0000004aa8600000] [id=1880]
  0x0000019e35c6b640 GCTaskThread "GC Thread#2" [stack: 0x0000004aa8600000,0x0000004aa8700000] [id=2216]
  0x0000019e35c51f40 GCTaskThread "GC Thread#3" [stack: 0x0000004aa8700000,0x0000004aa8800000] [id=9124]
  0x0000019e16240250 ConcurrentGCThread "G1 Main Marker" [stack: 0x0000004aa7300000,0x0000004aa7400000] [id=7336]
  0x0000019e16240b60 ConcurrentGCThread "G1 Conc#0" [stack: 0x0000004aa7400000,0x0000004aa7500000] [id=8808]
  0x0000019e162825a0 ConcurrentGCThread "G1 Refine#0" [stack: 0x0000004aa7500000,0x0000004aa7600000] [id=2204]
  0x0000019e162842d0 ConcurrentGCThread "G1 Service" [stack: 0x0000004aa7600000,0x0000004aa7700000] [id=7100]

Threads with active compile tasks:
C2 CompilerThread0     7883 1814       4       jdk.internal.org.objectweb.asm.Frame::execute (2305 bytes)

VM state: not at safepoint (normal execution)

VM Mutex/Monitor currently owned by a thread: None

Heap address: 0x00000000c4000000, size: 960 MB, Compressed Oops mode: 32-bit

CDS archive(s) mapped at: [0x0000000800000000-0x0000000800bd0000-0x0000000800bd0000), size 12386304, SharedBaseAddress: 0x0000000800000000, ArchiveRelocationMode: 0.
Compressed class space mapped at: 0x0000000800c00000-0x0000000840c00000, reserved size: 1073741824
Narrow klass base: 0x0000000800000000, Narrow klass shift: 0, Narrow klass range: 0x100000000

GC Precious Log:
 CPUs: 4 total, 4 available
 Memory: 3839M
 Large Page Support: Disabled
 NUMA Support: Disabled
 Compressed Oops: Enabled (32-bit)
 Heap Region Size: 1M
 Heap Min Capacity: 8M
 Heap Initial Capacity: 60M
 Heap Max Capacity: 960M
 Pre-touch: Disabled
 Parallel Workers: 4
 Concurrent Workers: 1
 Concurrent Refinement Workers: 4
 Periodic GC: Disabled

Heap:
 garbage-first heap   total 61440K, used 19238K [0x00000000c4000000, 0x0000000100000000)
  region size 1024K, 16 young (16384K), 3 survivors (3072K)
 Metaspace       used 15585K, committed 15872K, reserved 1064960K
  class space    used 1909K, committed 2048K, reserved 1048576K

Heap Regions: E=young(eden), S=young(survivor), O=old, HS=humongous(starts), HC=humongous(continues), CS=collection set, F=free, OA=open archive, CA=closed archive, TAMS=top-at-mark-start (previous, next)
|   0|0x00000000c4000000, 0x00000000c4100000, 0x00000000c4100000|100%| O|  |TAMS 0x00000000c4000000, 0x00000000c4000000| Untracked 
|   1|0x00000000c4100000, 0x00000000c4200000, 0x00000000c4200000|100%| O|  |TAMS 0x00000000c4100000, 0x00000000c4100000| Untracked 
|   2|0x00000000c4200000, 0x00000000c4300000, 0x00000000c4300000|100%| O|  |TAMS 0x00000000c4200000, 0x00000000c4200000| Untracked 
|   3|0x00000000c4300000, 0x00000000c43df800, 0x00000000c4400000| 87%| O|  |TAMS 0x00000000c4300000, 0x00000000c4300000| Untracked 
|   4|0x00000000c4400000, 0x00000000c4400000, 0x00000000c4500000|  0%| F|  |TAMS 0x00000000c4400000, 0x00000000c4400000| Untracked 
|   5|0x00000000c4500000, 0x00000000c4500000, 0x00000000c4600000|  0%| F|  |TAMS 0x00000000c4500000, 0x00000000c4500000| Untracked 
|   6|0x00000000c4600000, 0x00000000c4600000, 0x00000000c4700000|  0%| F|  |TAMS 0x00000000c4600000, 0x00000000c4600000| Untracked 
|   7|0x00000000c4700000, 0x00000000c4700000, 0x00000000c4800000|  0%| F|  |TAMS 0x00000000c4700000, 0x00000000c4700000| Untracked 
|   8|0x00000000c4800000, 0x00000000c4800000, 0x00000000c4900000|  0%| F|  |TAMS 0x00000000c4800000, 0x00000000c4800000| Untracked 
|   9|0x00000000c4900000, 0x00000000c4900000, 0x00000000c4a00000|  0%| F|  |TAMS 0x00000000c4900000, 0x00000000c4900000| Untracked 
|  10|0x00000000c4a00000, 0x00000000c4a00000, 0x00000000c4b00000|  0%| F|  |TAMS 0x00000000c4a00000, 0x00000000c4a00000| Untracked 
|  11|0x00000000c4b00000, 0x00000000c4b00000, 0x00000000c4c00000|  0%| F|  |TAMS 0x00000000c4b00000, 0x00000000c4b00000| Untracked 
|  12|0x00000000c4c00000, 0x00000000c4c00000, 0x00000000c4d00000|  0%| F|  |TAMS 0x00000000c4c00000, 0x00000000c4c00000| Untracked 
|  13|0x00000000c4d00000, 0x00000000c4d00000, 0x00000000c4e00000|  0%| F|  |TAMS 0x00000000c4d00000, 0x00000000c4d00000| Untracked 
|  14|0x00000000c4e00000, 0x00000000c4e00000, 0x00000000c4f00000|  0%| F|  |TAMS 0x00000000c4e00000, 0x00000000c4e00000| Untracked 
|  15|0x00000000c4f00000, 0x00000000c4f00000, 0x00000000c5000000|  0%| F|  |TAMS 0x00000000c4f00000, 0x00000000c4f00000| Untracked 
|  16|0x00000000c5000000, 0x00000000c5000000, 0x00000000c5100000|  0%| F|  |TAMS 0x00000000c5000000, 0x00000000c5000000| Untracked 
|  17|0x00000000c5100000, 0x00000000c5100000, 0x00000000c5200000|  0%| F|  |TAMS 0x00000000c5100000, 0x00000000c5100000| Untracked 
|  18|0x00000000c5200000, 0x00000000c5200000, 0x00000000c5300000|  0%| F|  |TAMS 0x00000000c5200000, 0x00000000c5200000| Untracked 
|  19|0x00000000c5300000, 0x00000000c5300000, 0x00000000c5400000|  0%| F|  |TAMS 0x00000000c5300000, 0x00000000c5300000| Untracked 
|  20|0x00000000c5400000, 0x00000000c5400000, 0x00000000c5500000|  0%| F|  |TAMS 0x00000000c5400000, 0x00000000c5400000| Untracked 
|  21|0x00000000c5500000, 0x00000000c5500000, 0x00000000c5600000|  0%| F|  |TAMS 0x00000000c5500000, 0x00000000c5500000| Untracked 
|  22|0x00000000c5600000, 0x00000000c5600000, 0x00000000c5700000|  0%| F|  |TAMS 0x00000000c5600000, 0x00000000c5600000| Untracked 
|  23|0x00000000c5700000, 0x00000000c5700000, 0x00000000c5800000|  0%| F|  |TAMS 0x00000000c5700000, 0x00000000c5700000| Untracked 
|  24|0x00000000c5800000, 0x00000000c5800000, 0x00000000c5900000|  0%| F|  |TAMS 0x00000000c5800000, 0x00000000c5800000| Untracked 
|  25|0x00000000c5900000, 0x00000000c5900000, 0x00000000c5a00000|  0%| F|  |TAMS 0x00000000c5900000, 0x00000000c5900000| Untracked 
|  26|0x00000000c5a00000, 0x00000000c5a00000, 0x00000000c5b00000|  0%| F|  |TAMS 0x00000000c5a00000, 0x00000000c5a00000| Untracked 
|  27|0x00000000c5b00000, 0x00000000c5b00000, 0x00000000c5c00000|  0%| F|  |TAMS 0x00000000c5b00000, 0x00000000c5b00000| Untracked 
|  28|0x00000000c5c00000, 0x00000000c5c00000, 0x00000000c5d00000|  0%| F|  |TAMS 0x00000000c5c00000, 0x00000000c5c00000| Untracked 
|  29|0x00000000c5d00000, 0x00000000c5d00000, 0x00000000c5e00000|  0%| F|  |TAMS 0x00000000c5d00000, 0x00000000c5d00000| Untracked 
|  30|0x00000000c5e00000, 0x00000000c5e00000, 0x00000000c5f00000|  0%| F|  |TAMS 0x00000000c5e00000, 0x00000000c5e00000| Untracked 
|  31|0x00000000c5f00000, 0x00000000c5f00000, 0x00000000c6000000|  0%| F|  |TAMS 0x00000000c5f00000, 0x00000000c5f00000| Untracked 
|  32|0x00000000c6000000, 0x00000000c6000000, 0x00000000c6100000|  0%| F|  |TAMS 0x00000000c6000000, 0x00000000c6000000| Untracked 
|  33|0x00000000c6100000, 0x00000000c61ea280, 0x00000000c6200000| 91%| S|CS|TAMS 0x00000000c6100000, 0x00000000c6100000| Complete 
|  34|0x00000000c6200000, 0x00000000c6300000, 0x00000000c6300000|100%| S|CS|TAMS 0x00000000c6200000, 0x00000000c6200000| Complete 
|  35|0x00000000c6300000, 0x00000000c6400000, 0x00000000c6400000|100%| S|CS|TAMS 0x00000000c6300000, 0x00000000c6300000| Complete 
|  36|0x00000000c6400000, 0x00000000c6400000, 0x00000000c6500000|  0%| F|  |TAMS 0x00000000c6400000, 0x00000000c6400000| Untracked 
|  37|0x00000000c6500000, 0x00000000c6500000, 0x00000000c6600000|  0%| F|  |TAMS 0x00000000c6500000, 0x00000000c6500000| Untracked 
|  38|0x00000000c6600000, 0x00000000c6600000, 0x00000000c6700000|  0%| F|  |TAMS 0x00000000c6600000, 0x00000000c6600000| Untracked 
|  39|0x00000000c6700000, 0x00000000c6700000, 0x00000000c6800000|  0%| F|  |TAMS 0x00000000c6700000, 0x00000000c6700000| Untracked 
|  40|0x00000000c6800000, 0x00000000c6800000, 0x00000000c6900000|  0%| F|  |TAMS 0x00000000c6800000, 0x00000000c6800000| Untracked 
|  41|0x00000000c6900000, 0x00000000c6900000, 0x00000000c6a00000|  0%| F|  |TAMS 0x00000000c6900000, 0x00000000c6900000| Untracked 
|  42|0x00000000c6a00000, 0x00000000c6a00000, 0x00000000c6b00000|  0%| F|  |TAMS 0x00000000c6a00000, 0x00000000c6a00000| Untracked 
|  43|0x00000000c6b00000, 0x00000000c6b00000, 0x00000000c6c00000|  0%| F|  |TAMS 0x00000000c6b00000, 0x00000000c6b00000| Untracked 
|  44|0x00000000c6c00000, 0x00000000c6c00000, 0x00000000c6d00000|  0%| F|  |TAMS 0x00000000c6c00000, 0x00000000c6c00000| Untracked 
|  45|0x00000000c6d00000, 0x00000000c6d00000, 0x00000000c6e00000|  0%| F|  |TAMS 0x00000000c6d00000, 0x00000000c6d00000| Untracked 
|  46|0x00000000c6e00000, 0x00000000c6e00000, 0x00000000c6f00000|  0%| F|  |TAMS 0x00000000c6e00000, 0x00000000c6e00000| Untracked 
|  47|0x00000000c6f00000, 0x00000000c7000000, 0x00000000c7000000|100%| E|  |TAMS 0x00000000c6f00000, 0x00000000c6f00000| Complete 
|  48|0x00000000c7000000, 0x00000000c7100000, 0x00000000c7100000|100%| E|CS|TAMS 0x00000000c7000000, 0x00000000c7000000| Complete 
|  49|0x00000000c7100000, 0x00000000c7200000, 0x00000000c7200000|100%| E|CS|TAMS 0x00000000c7100000, 0x00000000c7100000| Complete 
|  50|0x00000000c7200000, 0x00000000c7300000, 0x00000000c7300000|100%| E|CS|TAMS 0x00000000c7200000, 0x00000000c7200000| Complete 
|  51|0x00000000c7300000, 0x00000000c7400000, 0x00000000c7400000|100%| E|CS|TAMS 0x00000000c7300000, 0x00000000c7300000| Complete 
|  52|0x00000000c7400000, 0x00000000c7500000, 0x00000000c7500000|100%| E|CS|TAMS 0x00000000c7400000, 0x00000000c7400000| Complete 
|  53|0x00000000c7500000, 0x00000000c7600000, 0x00000000c7600000|100%| E|CS|TAMS 0x00000000c7500000, 0x00000000c7500000| Complete 
|  54|0x00000000c7600000, 0x00000000c7700000, 0x00000000c7700000|100%| E|CS|TAMS 0x00000000c7600000, 0x00000000c7600000| Complete 
|  55|0x00000000c7700000, 0x00000000c7800000, 0x00000000c7800000|100%| E|CS|TAMS 0x00000000c7700000, 0x00000000c7700000| Complete 
|  56|0x00000000c7800000, 0x00000000c7900000, 0x00000000c7900000|100%| E|CS|TAMS 0x00000000c7800000, 0x00000000c7800000| Complete 
|  57|0x00000000c7900000, 0x00000000c7a00000, 0x00000000c7a00000|100%| E|CS|TAMS 0x00000000c7900000, 0x00000000c7900000| Complete 
|  58|0x00000000c7a00000, 0x00000000c7b00000, 0x00000000c7b00000|100%| E|CS|TAMS 0x00000000c7a00000, 0x00000000c7a00000| Complete 
|  59|0x00000000c7b00000, 0x00000000c7c00000, 0x00000000c7c00000|100%| E|CS|TAMS 0x00000000c7b00000, 0x00000000c7b00000| Complete 

Card table byte_map: [0x0000019e30090000,0x0000019e30270000] _byte_map_base: 0x0000019e2fa70000

Marking Bits (Prev, Next): (CMBitMap*) 0x0000019e16238120, (CMBitMap*) 0x0000019e16238160
 Prev Bits: [0x0000019e30450000, 0x0000019e31350000)
 Next Bits: [0x0000019e31350000, 0x0000019e32250000)

Polling page: 0x0000019e16070000

Metaspace:

Usage:
  Non-class:     13.36 MB used.
      Class:      1.87 MB used.
       Both:     15.23 MB used.

Virtual space:
  Non-class space:       16.00 MB reserved,      13.50 MB ( 84%) committed,  2 nodes.
      Class space:        1.00 GB reserved,       2.00 MB ( <1%) committed,  1 nodes.
             Both:        1.02 GB reserved,      15.50 MB (  1%) committed. 

Chunk freelists:
   Non-Class:  2.47 MB
       Class:  1.95 MB
        Both:  4.42 MB

MaxMetaspaceSize: unlimited
CompressedClassSpaceSize: 1.00 GB
Initial GC threshold: 21.00 MB
Current GC threshold: 21.00 MB
CDS: on
MetaspaceReclaimPolicy: balanced
 - commit_granule_bytes: 65536.
 - commit_granule_words: 8192.
 - virtual_space_node_default_size: 1048576.
 - enlarge_chunks_in_place: 1.
 - new_chunks_are_fully_committed: 0.
 - uncommit_free_chunks: 1.
 - use_allocation_guard: 0.
 - handle_deallocations: 1.


Internal statistics:

num_allocs_failed_limit: 0.
num_arena_births: 176.
num_arena_deaths: 0.
num_vsnodes_births: 3.
num_vsnodes_deaths: 0.
num_space_committed: 248.
num_space_uncommitted: 0.
num_chunks_returned_to_freelist: 0.
num_chunks_taken_from_freelist: 674.
num_chunk_merges: 0.
num_chunk_splits: 470.
num_chunks_enlarged: 383.
num_purges: 0.
num_inconsistent_stats: 0.

CodeHeap 'non-profiled nmethods': size=120000Kb used=648Kb max_used=648Kb free=119351Kb
 bounds [0x0000019e28360000, 0x0000019e285d0000, 0x0000019e2f890000]
CodeHeap 'profiled nmethods': size=120000Kb used=3849Kb max_used=3849Kb free=116150Kb
 bounds [0x0000019e20e30000, 0x0000019e21200000, 0x0000019e28360000]
CodeHeap 'non-nmethods': size=5760Kb used=1186Kb max_used=1209Kb free=4573Kb
 bounds [0x0000019e20890000, 0x0000019e20b00000, 0x0000019e20e30000]
 total_blobs=2526 nmethods=2043 adapters=396
 compilation: enabled
              stopped_count=0, restarted_count=0
 full_count=0

Compilation events (20 events):
Event: 7.708 Thread 0x0000019e162ce390 1943       3       java.lang.StringLatin1::compareTo (14 bytes)
Event: 7.708 Thread 0x0000019e162ce390 nmethod 1943 0x0000019e211c1b10 code [0x0000019e211c1cc0, 0x0000019e211c1de8]
Event: 7.708 Thread 0x0000019e162ce390 1941       3       java.lang.String::compareTo (63 bytes)
Event: 7.709 Thread 0x0000019e162ce390 nmethod 1941 0x0000019e211c1f10 code [0x0000019e211c2120, 0x0000019e211c25b8]
Event: 7.709 Thread 0x0000019e162ce390 1942       3       java.lang.String::compareTo (9 bytes)
Event: 7.709 Thread 0x0000019e162ce390 nmethod 1942 0x0000019e211c2790 code [0x0000019e211c2940, 0x0000019e211c2b68]
Event: 7.709 Thread 0x0000019e162ce390 1944       3       java.util.TreeMap::setColor (10 bytes)
Event: 7.709 Thread 0x0000019e162ce390 nmethod 1944 0x0000019e211c2c10 code [0x0000019e211c2da0, 0x0000019e211c2ed8]
Event: 7.709 Thread 0x0000019e162ce390 1945       3       java.util.TreeMap::leftOf (13 bytes)
Event: 7.709 Thread 0x0000019e162ce390 nmethod 1945 0x0000019e211c2f90 code [0x0000019e211c3120, 0x0000019e211c3298]
Event: 7.709 Thread 0x0000019e162ce390 1947       2       java.util.HashMap::removeNode (291 bytes)
Event: 7.711 Thread 0x0000019e162ce390 nmethod 1947 0x0000019e211c3390 code [0x0000019e211c35c0, 0x0000019e211c3d18]
Event: 7.720 Thread 0x0000019e162ce390 1948       2       java.util.concurrent.ConcurrentHashMap::containsKey (14 bytes)
Event: 7.721 Thread 0x0000019e162ce390 nmethod 1948 0x0000019e211c4110 code [0x0000019e211c42a0, 0x0000019e211c43c8]
Event: 7.721 Thread 0x0000019e162ce390 1949       2       sun.invoke.util.VerifyAccess::isModuleAccessible (97 bytes)
Event: 7.723 Thread 0x0000019e162ce390 nmethod 1949 0x0000019e211c4490 code [0x0000019e211c46e0, 0x0000019e211c4d08]
Event: 7.739 Thread 0x0000019e162ce390 1951       2       org.springframework.boot.autoconfigure.AutoConfigurationMetadataLoader$PropertiesAutoConfigurationMetadata::get (8 bytes)
Event: 7.741 Thread 0x0000019e162ce390 nmethod 1951 0x0000019e211c5090 code [0x0000019e211c52a0, 0x0000019e211c5638]
Event: 7.741 Thread 0x0000019e162ce390 1952       2       org.springframework.boot.autoconfigure.AutoConfigurationMetadataLoader$PropertiesAutoConfigurationMetadata::get (28 bytes)
Event: 7.742 Thread 0x0000019e162ce390 nmethod 1952 0x0000019e211c5a90 code [0x0000019e211c5ca0, 0x0000019e211c6038]

GC Heap History (6 events):
Event: 3.081 GC heap before
{Heap before GC invocations=0 (full 0):
 garbage-first heap   total 61440K, used 12288K [0x00000000c4000000, 0x0000000100000000)
  region size 1024K, 13 young (13312K), 0 survivors (0K)
 Metaspace       used 4186K, committed 4352K, reserved 1056768K
  class space    used 464K, committed 576K, reserved 1048576K
}
Event: 3.123 GC heap after
{Heap after GC invocations=1 (full 0):
 garbage-first heap   total 61440K, used 3912K [0x00000000c4000000, 0x0000000100000000)
  region size 1024K, 2 young (2048K), 2 survivors (2048K)
 Metaspace       used 4186K, committed 4352K, reserved 1056768K
  class space    used 464K, committed 576K, reserved 1048576K
}
Event: 4.795 GC heap before
{Heap before GC invocations=1 (full 0):
 garbage-first heap   total 61440K, used 16200K [0x00000000c4000000, 0x0000000100000000)
  region size 1024K, 14 young (14336K), 2 survivors (2048K)
 Metaspace       used 7375K, committed 7616K, reserved 1056768K
  class space    used 929K, committed 1024K, reserved 1048576K
}
Event: 4.816 GC heap after
{Heap after GC invocations=2 (full 0):
 garbage-first heap   total 61440K, used 5147K [0x00000000c4000000, 0x0000000100000000)
  region size 1024K, 2 young (2048K), 2 survivors (2048K)
 Metaspace       used 7375K, committed 7616K, reserved 1056768K
  class space    used 929K, committed 1024K, reserved 1048576K
}
Event: 6.963 GC heap before
{Heap before GC invocations=2 (full 0):
 garbage-first heap   total 61440K, used 26651K [0x00000000c4000000, 0x0000000100000000)
  region size 1024K, 24 young (24576K), 2 survivors (2048K)
 Metaspace       used 13407K, committed 13632K, reserved 1064960K
  class space    used 1614K, committed 1728K, reserved 1048576K
}
Event: 6.969 GC heap after
{Heap after GC invocations=3 (full 0):
 garbage-first heap   total 61440K, used 6950K [0x00000000c4000000, 0x0000000100000000)
  region size 1024K, 3 young (3072K), 3 survivors (3072K)
 Metaspace       used 13407K, committed 13632K, reserved 1064960K
  class space    used 1614K, committed 1728K, reserved 1048576K
}

Dll operation events (9 events):
Event: 0.069 Loaded shared library C:\Users\AlejoC\.jdks\liberica-17.0.5\bin\java.dll
Event: 0.081 Loaded shared library C:\Users\AlejoC\.jdks\liberica-17.0.5\bin\jsvml.dll
Event: 0.244 Loaded shared library C:\Users\AlejoC\.jdks\liberica-17.0.5\bin\zip.dll
Event: 0.252 Loaded shared library C:\Users\AlejoC\.jdks\liberica-17.0.5\bin\instrument.dll
Event: 0.296 Loaded shared library C:\Users\AlejoC\.jdks\liberica-17.0.5\bin\net.dll
Event: 0.315 Loaded shared library C:\Users\AlejoC\.jdks\liberica-17.0.5\bin\nio.dll
Event: 0.331 Loaded shared library C:\Users\AlejoC\.jdks\liberica-17.0.5\bin\zip.dll
Event: 0.481 Loaded shared library C:\Program Files\JetBrains\IntelliJ IDEA Community Edition 2022.3.2\bin\breakgen64.dll
Event: 0.709 Loaded shared library C:\Users\AlejoC\.jdks\liberica-17.0.5\bin\jimage.dll

Deoptimization events (20 events):
Event: 7.506 Thread 0x0000019e161fdc00 Uncommon trap: trap_request=0xffffffc6 fr.pc=0x0000019e283e4910 relative=0x0000000000001970
Event: 7.506 Thread 0x0000019e161fdc00 Uncommon trap: reason=bimorphic_or_optimized_type_check action=maybe_recompile pc=0x0000019e283e4910 method=java.util.HashMap.putVal(ILjava/lang/Object;Ljava/lang/Object;ZZ)Ljava/lang/Object; @ 91 c2
Event: 7.506 Thread 0x0000019e161fdc00 DEOPT PACKING pc=0x0000019e283e4910 sp=0x0000004aa71feac0
Event: 7.506 Thread 0x0000019e161fdc00 DEOPT UNPACKING pc=0x0000019e208e239d sp=0x0000004aa71fe978 mode 2
Event: 7.506 Thread 0x0000019e161fdc00 Uncommon trap: trap_request=0xffffffc6 fr.pc=0x0000019e283e4910 relative=0x0000000000001970
Event: 7.506 Thread 0x0000019e161fdc00 Uncommon trap: reason=bimorphic_or_optimized_type_check action=maybe_recompile pc=0x0000019e283e4910 method=java.util.HashMap.putVal(ILjava/lang/Object;Ljava/lang/Object;ZZ)Ljava/lang/Object; @ 91 c2
Event: 7.506 Thread 0x0000019e161fdc00 DEOPT PACKING pc=0x0000019e283e4910 sp=0x0000004aa71feac0
Event: 7.506 Thread 0x0000019e161fdc00 DEOPT UNPACKING pc=0x0000019e208e239d sp=0x0000004aa71fe978 mode 2
Event: 7.549 Thread 0x0000019e161fdc00 DEOPT PACKING pc=0x0000019e21161188 sp=0x0000004aa71fdb50
Event: 7.549 Thread 0x0000019e161fdc00 DEOPT UNPACKING pc=0x0000019e208e2b24 sp=0x0000004aa71fd058 mode 0
Event: 7.559 Thread 0x0000019e161fdc00 Uncommon trap: trap_request=0xffffffc6 fr.pc=0x0000019e283e4910 relative=0x0000000000001970
Event: 7.560 Thread 0x0000019e161fdc00 Uncommon trap: reason=bimorphic_or_optimized_type_check action=maybe_recompile pc=0x0000019e283e4910 method=java.util.HashMap.putVal(ILjava/lang/Object;Ljava/lang/Object;ZZ)Ljava/lang/Object; @ 91 c2
Event: 7.560 Thread 0x0000019e161fdc00 DEOPT PACKING pc=0x0000019e283e4910 sp=0x0000004aa71febe0
Event: 7.560 Thread 0x0000019e161fdc00 DEOPT UNPACKING pc=0x0000019e208e239d sp=0x0000004aa71fea98 mode 2
Event: 7.560 Thread 0x0000019e161fdc00 Uncommon trap: trap_request=0xffffffc6 fr.pc=0x0000019e283e9de8 relative=0x00000000000007e8
Event: 7.560 Thread 0x0000019e161fdc00 Uncommon trap: reason=bimorphic_or_optimized_type_check action=maybe_recompile pc=0x0000019e283e9de8 method=java.util.HashMap.putVal(ILjava/lang/Object;Ljava/lang/Object;ZZ)Ljava/lang/Object; @ 91 c2
Event: 7.560 Thread 0x0000019e161fdc00 DEOPT PACKING pc=0x0000019e283e9de8 sp=0x0000004aa71febf0
Event: 7.560 Thread 0x0000019e161fdc00 DEOPT UNPACKING pc=0x0000019e208e239d sp=0x0000004aa71feb18 mode 2
Event: 7.656 Thread 0x0000019e362d7450 DEOPT PACKING pc=0x0000019e21161188 sp=0x0000004aa88fe380
Event: 7.656 Thread 0x0000019e362d7450 DEOPT UNPACKING pc=0x0000019e208e2b24 sp=0x0000004aa88fd888 mode 0

Classes unloaded (0 events):
No events

Classes redefined (0 events):
No events

Internal exceptions (20 events):
Event: 4.501 Thread 0x0000019e161fdc00 Exception <a 'java/lang/NoSuchMethodError'{0x00000000c72d3300}: 'void java.lang.invoke.DirectMethodHandle$Holder.invokeStaticInit(java.lang.Object, java.lang.Object)'> (0x00000000c72d3300) 
thrown [s\src\hotspot\share\interpreter\linkResolver.cpp, line 759]
Event: 4.505 Thread 0x0000019e161fdc00 Exception <a 'java/lang/NoSuchMethodError'{0x00000000c72df9d0}: 'void java.lang.invoke.DirectMethodHandle$Holder.invokeStaticInit(java.lang.Object, java.lang.Object, java.lang.Object)'> (0x00000000c72df9d0) 
thrown [s\src\hotspot\share\interpreter\linkResolver.cpp, line 759]
Event: 4.531 Thread 0x0000019e161fdc00 Exception <a 'java/lang/NoSuchMethodError'{0x00000000c72f0bd8}: 'java.lang.Object java.lang.invoke.DirectMethodHandle$Holder.invokeStatic(java.lang.Object, java.lang.Object, long, java.lang.Object)'> (0x00000000c72f0bd8) 
thrown [s\src\hotspot\share\interpreter\linkResolver.cpp, line 759]
Event: 4.532 Thread 0x0000019e161fdc00 Exception <a 'java/lang/NoSuchMethodError'{0x00000000c72f4670}: 'java.lang.Object java.lang.invoke.DirectMethodHandle$Holder.invokeStaticInit(java.lang.Object, java.lang.Object, long, java.lang.Object)'> (0x00000000c72f4670) 
thrown [s\src\hotspot\share\interpreter\linkResolver.cpp, line 759]
Event: 4.533 Thread 0x0000019e161fdc00 Exception <a 'java/lang/NoSuchMethodError'{0x00000000c72fadb0}: 'java.lang.Object java.lang.invoke.DirectMethodHandle$Holder.newInvokeSpecial(java.lang.Object, java.lang.Object, long)'> (0x00000000c72fadb0) 
thrown [s\src\hotspot\share\interpreter\linkResolver.cpp, line 759]
Event: 4.533 Thread 0x0000019e161fdc00 Exception <a 'java/lang/NoSuchMethodError'{0x00000000c72fe920}: 'java.lang.Object java.lang.invoke.Invokers$Holder.linkToTargetMethod(java.lang.Object, long, java.lang.Object)'> (0x00000000c72fe920) 
thrown [s\src\hotspot\share\interpreter\linkResolver.cpp, line 759]
Event: 4.576 Thread 0x0000019e161fdc00 Exception <a 'java/lang/NoSuchMethodError'{0x00000000c713df10}: 'void java.lang.invoke.DirectMethodHandle$Holder.invokeVirtual(java.lang.Object, java.lang.Object, java.lang.Object, java.lang.Object)'> (0x00000000c713df10) 
thrown [s\src\hotspot\share\interpreter\linkResolver.cpp, line 759]
Event: 4.732 Thread 0x0000019e161fdc00 Exception <a 'java/lang/NoSuchMethodError'{0x00000000c708b490}: 'void java.lang.invoke.DirectMethodHandle$Holder.invokeSpecial(java.lang.Object, java.lang.Object, java.lang.Object)'> (0x00000000c708b490) 
thrown [s\src\hotspot\share\interpreter\linkResolver.cpp, line 759]
Event: 4.733 Thread 0x0000019e161fdc00 Exception <a 'java/lang/NoSuchMethodError'{0x00000000c7091c88}: 'void java.lang.invoke.DirectMethodHandle$Holder.invokeSpecial(java.lang.Object, java.lang.Object, java.lang.Object, java.lang.Object, java.lang.Object)'> (0x00000000c7091c88) 
thrown [s\src\hotspot\share\interpreter\linkResolver.cpp, line 759]
Event: 4.780 Thread 0x0000019e35d4cf10 Exception <a 'java/lang/NoClassDefFoundError'{0x00000000c70e6130}: jakarta/validation/Validation> (0x00000000c70e6130) 
thrown [s\src\hotspot\share\classfile\systemDictionary.cpp, line 245]
Event: 4.887 Thread 0x0000019e161fdc00 Exception <a 'java/lang/IncompatibleClassChangeError'{0x00000000c7b0c828}: Found class java.lang.Object, but interface was expected> (0x00000000c7b0c828) 
thrown [s\src\hotspot\share\interpreter\linkResolver.cpp, line 826]
Event: 6.962 Thread 0x0000019e161fdc00 Exception <a 'java/lang/NoSuchMethodError'{0x00000000c6481470}: 'int java.lang.invoke.DirectMethodHandle$Holder.invokeSpecial(java.lang.Object, java.lang.Object, java.lang.Object, java.lang.Object, java.lang.Object)'> (0x00000000c6481470) 
thrown [s\src\hotspot\share\interpreter\linkResolver.cpp, line 759]
Event: 7.001 Thread 0x0000019e161fdc00 Exception <a 'java/lang/NoSuchMethodError'{0x00000000c7b07810}: 'void java.lang.invoke.DirectMethodHandle$Holder.invokeVirtual(java.lang.Object, java.lang.Object)'> (0x00000000c7b07810) 
thrown [s\src\hotspot\share\interpreter\linkResolver.cpp, line 759]
Event: 7.245 Thread 0x0000019e35d4cf10 Exception <a 'java/lang/NoSuchMethodError'{0x00000000c77735a0}: 'long java.lang.invoke.DirectMethodHandle$Holder.invokeSpecial(java.lang.Object, java.lang.Object)'> (0x00000000c77735a0) 
thrown [s\src\hotspot\share\interpreter\linkResolver.cpp, line 759]
Event: 7.249 Thread 0x0000019e35d4cf10 Exception <a 'java/lang/NoSuchMethodError'{0x00000000c777e7c8}: 'long java.lang.invoke.DirectMethodHandle$Holder.invokeStatic(java.lang.Object, java.lang.Object)'> (0x00000000c777e7c8) 
thrown [s\src\hotspot\share\interpreter\linkResolver.cpp, line 759]
Event: 7.249 Thread 0x0000019e35d4cf10 Exception <a 'java/lang/NoSuchMethodError'{0x00000000c7781dc8}: 'long java.lang.invoke.DirectMethodHandle$Holder.invokeStaticInit(java.lang.Object, java.lang.Object)'> (0x00000000c7781dc8) 
thrown [s\src\hotspot\share\interpreter\linkResolver.cpp, line 759]
Event: 7.253 Thread 0x0000019e35d4cf10 Exception <a 'java/lang/NoSuchMethodError'{0x00000000c778f8f0}: 'long java.lang.invoke.DirectMethodHandle$Holder.invokeInterface(java.lang.Object, java.lang.Object)'> (0x00000000c778f8f0) 
thrown [s\src\hotspot\share\interpreter\linkResolver.cpp, line 759]
Event: 7.253 Thread 0x0000019e35d4cf10 Exception <a 'java/lang/IncompatibleClassChangeError'{0x00000000c7792e80}: Found class java.lang.Object, but interface was expected> (0x00000000c7792e80) 
thrown [s\src\hotspot\share\interpreter\linkResolver.cpp, line 826]
Event: 7.279 Thread 0x0000019e35d4cf10 Exception <a 'java/lang/NoSuchMethodError'{0x00000000c7603a90}: 'java.lang.Object java.lang.invoke.DirectMethodHandle$Holder.invokeVirtual(java.lang.Object, java.lang.Object, java.lang.Object, java.lang.Object)'> (0x00000000c7603a90) 
thrown [s\src\hotspot\share\interpreter\linkResolver.cpp, line 759]
Event: 7.721 Thread 0x0000019e161fdc00 Exception <a 'java/lang/IncompatibleClassChangeError'{0x00000000c7158860}: Found class java.lang.Object, but interface was expected> (0x00000000c7158860) 
thrown [s\src\hotspot\share\interpreter\linkResolver.cpp, line 826]

VM Operations (20 events):
Event: 4.713 Executing VM operation: HandshakeAllThreads
Event: 4.713 Executing VM operation: HandshakeAllThreads done
Event: 4.713 Executing VM operation: HandshakeAllThreads
Event: 4.713 Executing VM operation: HandshakeAllThreads done
Event: 4.795 Executing VM operation: G1CollectForAllocation
Event: 4.818 Executing VM operation: G1CollectForAllocation done
Event: 5.820 Executing VM operation: Cleanup
Event: 5.820 Executing VM operation: Cleanup done
Event: 6.012 Executing VM operation: HandshakeAllThreads
Event: 6.012 Executing VM operation: HandshakeAllThreads done
Event: 6.459 Executing VM operation: HandshakeAllThreads
Event: 6.459 Executing VM operation: HandshakeAllThreads done
Event: 6.754 Executing VM operation: HandshakeAllThreads
Event: 6.754 Executing VM operation: HandshakeAllThreads done
Event: 6.883 Executing VM operation: HandshakeAllThreads
Event: 6.883 Executing VM operation: HandshakeAllThreads done
Event: 6.883 Executing VM operation: Cleanup
Event: 6.883 Executing VM operation: Cleanup done
Event: 6.963 Executing VM operation: G1CollectForAllocation
Event: 6.969 Executing VM operation: G1CollectForAllocation done

Events (20 events):
Event: 7.006 loading class sun/nio/fs/WindowsPath$WindowsPathWithAttributes done
Event: 7.017 loading class java/util/regex/Pattern$LazyLoop
Event: 7.019 loading class java/util/regex/Pattern$Loop
Event: 7.019 loading class java/util/regex/Pattern$Loop done
Event: 7.019 loading class java/util/regex/Pattern$LazyLoop done
Event: 7.019 loading class java/util/regex/Pattern$Prolog
Event: 7.023 loading class java/util/regex/Pattern$Prolog done
Event: 7.130 loading class java/lang/AssertionError
Event: 7.130 loading class java/lang/AssertionError done
Event: 7.227 loading class java/util/regex/Pattern$BnM
Event: 7.228 loading class java/util/regex/Pattern$BnM done
Event: 7.228 loading class java/util/regex/Pattern$Pos
Event: 7.228 loading class java/util/regex/Pattern$Pos done
Event: 7.285 Thread 0x0000019e35d4cf10 Thread exited: 0x0000019e35d4cf10
Event: 7.624 Thread 0x0000019e362d7450 Thread added: 0x0000019e362d7450
Event: 7.643 loading class javax/naming/ldap/LdapContext
Event: 7.643 loading class javax/naming/directory/DirContext
Event: 7.644 loading class javax/naming/directory/DirContext done
Event: 7.644 loading class javax/naming/ldap/LdapContext done
Event: 7.658 Thread 0x0000019e362d7450 Thread exited: 0x0000019e362d7450


Dynamic libraries:
0x00007ff7fc010000 - 0x00007ff7fc01d000 	C:\Users\AlejoC\.jdks\liberica-17.0.5\bin\java.exe
0x00007ffde80b0000 - 0x00007ffde82a8000 	C:\Windows\SYSTEM32\ntdll.dll
0x00007ffde6190000 - 0x00007ffde624f000 	C:\Windows\System32\KERNEL32.DLL
0x00007ffde5a00000 - 0x00007ffde5cda000 	C:\Windows\System32\KERNELBASE.dll
0x00007ffde5900000 - 0x00007ffde5a00000 	C:\Windows\System32\ucrtbase.dll
0x00007ffdd3600000 - 0x00007ffdd3617000 	C:\Users\AlejoC\.jdks\liberica-17.0.5\bin\jli.dll
0x00007ffdd37f0000 - 0x00007ffdd3805000 	C:\Users\AlejoC\.jdks\liberica-17.0.5\bin\VCRUNTIME140.dll
0x00007ffddc390000 - 0x00007ffddc62a000 	C:\Windows\WinSxS\amd64_microsoft.windows.common-controls_6595b64144ccf1df_6.0.19041.1110_none_60b5254171f9507e\COMCTL32.dll
0x00007ffde6d70000 - 0x00007ffde6e0e000 	C:\Windows\System32\msvcrt.dll
0x00007ffde6250000 - 0x00007ffde63ed000 	C:\Windows\System32\USER32.dll
0x00007ffde6520000 - 0x00007ffde654b000 	C:\Windows\System32\GDI32.dll
0x00007ffde58d0000 - 0x00007ffde58f2000 	C:\Windows\System32\win32u.dll
0x00007ffde6000000 - 0x00007ffde6110000 	C:\Windows\System32\gdi32full.dll
0x00007ffde57c0000 - 0x00007ffde585d000 	C:\Windows\System32\msvcp_win.dll
0x00007ffde6550000 - 0x00007ffde6580000 	C:\Windows\System32\IMM32.DLL
0x00007ffdd2330000 - 0x00007ffdd23cb000 	C:\Users\AlejoC\.jdks\liberica-17.0.5\bin\msvcp140.dll
0x00007ffdc2ac0000 - 0x00007ffdc36dc000 	C:\Users\AlejoC\.jdks\liberica-17.0.5\bin\server\jvm.dll
0x00007ffde76f0000 - 0x00007ffde779e000 	C:\Windows\System32\ADVAPI32.dll
0x00007ffde6c50000 - 0x00007ffde6cec000 	C:\Windows\System32\sechost.dll
0x00007ffde7d20000 - 0x00007ffde7e46000 	C:\Windows\System32\RPCRT4.dll
0x00007ffdcf200000 - 0x00007ffdcf209000 	C:\Windows\SYSTEM32\WSOCK32.dll
0x00007ffddc630000 - 0x00007ffddc657000 	C:\Windows\SYSTEM32\WINMM.dll
0x00007ffde7680000 - 0x00007ffde76eb000 	C:\Windows\System32\WS2_32.dll
0x00007ffddd500000 - 0x00007ffddd50a000 	C:\Windows\SYSTEM32\VERSION.dll
0x00007ffde36a0000 - 0x00007ffde36b2000 	C:\Windows\SYSTEM32\kernel.appcore.dll
0x00007ffdd37e0000 - 0x00007ffdd37ea000 	C:\Users\AlejoC\.jdks\liberica-17.0.5\bin\jimage.dll
0x00007ffdd4010000 - 0x00007ffdd41f4000 	C:\Windows\SYSTEM32\DBGHELP.DLL
0x00007ffdd6440000 - 0x00007ffdd6474000 	C:\Windows\SYSTEM32\dbgcore.DLL
0x00007ffde5d30000 - 0x00007ffde5db2000 	C:\Windows\System32\bcryptPrimitives.dll
0x00007ffdd5080000 - 0x00007ffdd508e000 	C:\Users\AlejoC\.jdks\liberica-17.0.5\bin\instrument.dll
0x00007ffdd34a0000 - 0x00007ffdd34c5000 	C:\Users\AlejoC\.jdks\liberica-17.0.5\bin\java.dll
0x00007ffdceb10000 - 0x00007ffdcebe6000 	C:\Users\AlejoC\.jdks\liberica-17.0.5\bin\jsvml.dll
0x00007ffde6f30000 - 0x00007ffde7674000 	C:\Windows\System32\SHELL32.dll
0x00007ffde38a0000 - 0x00007ffde4033000 	C:\Windows\SYSTEM32\windows.storage.dll
0x00007ffde79c0000 - 0x00007ffde7d14000 	C:\Windows\System32\combase.dll
0x00007ffde5220000 - 0x00007ffde524e000 	C:\Windows\SYSTEM32\Wldp.dll
0x00007ffde7e50000 - 0x00007ffde7efd000 	C:\Windows\System32\SHCORE.dll
0x00007ffde6cf0000 - 0x00007ffde6d45000 	C:\Windows\System32\shlwapi.dll
0x00007ffde5700000 - 0x00007ffde571f000 	C:\Windows\SYSTEM32\profapi.dll
0x00007ffdd2310000 - 0x00007ffdd2328000 	C:\Users\AlejoC\.jdks\liberica-17.0.5\bin\zip.dll
0x00007ffdd2ba0000 - 0x00007ffdd2bb9000 	C:\Users\AlejoC\.jdks\liberica-17.0.5\bin\net.dll
0x00007ffddd050000 - 0x00007ffddd15a000 	C:\Windows\SYSTEM32\WINHTTP.dll
0x00007ffde4f80000 - 0x00007ffde4fea000 	C:\Windows\system32\mswsock.dll
0x00007ffdd2b80000 - 0x00007ffdd2b95000 	C:\Users\AlejoC\.jdks\liberica-17.0.5\bin\nio.dll
0x00007ffdd3ba0000 - 0x00007ffdd3bba000 	C:\Program Files\JetBrains\IntelliJ IDEA Community Edition 2022.3.2\bin\breakgen64.dll

dbghelp: loaded successfully - version: 4.0.5 - missing functions: none
symbol engine: initialized successfully - sym options: 0x614 - pdb path: .;C:\Users\AlejoC\.jdks\liberica-17.0.5\bin;C:\Windows\SYSTEM32;C:\Windows\WinSxS\amd64_microsoft.windows.common-controls_6595b64144ccf1df_6.0.19041.1110_none_60b5254171f9507e;C:\Users\AlejoC\.jdks\liberica-17.0.5\bin\server;C:\Program Files\JetBrains\IntelliJ IDEA Community Edition 2022.3.2\bin

VM Arguments:
jvm_args: -javaagent:C:\Program Files\JetBrains\IntelliJ IDEA Community Edition 2022.3.2\lib\idea_rt.jar=59702:C:\Program Files\JetBrains\IntelliJ IDEA Community Edition 2022.3.2\bin -Dfile.encoding=UTF-8 
java_command: com.example.ob_spring_security.ObSpringSecurityApplication
java_class_path (initial): E:\Descargas\ob_proyects\ob_spring_security\ob_spring_security\target\classes;C:\Users\AlejoC\.m2\repository\org\springframework\boot\spring-boot-starter-security\3.0.6\spring-boot-starter-security-3.0.6.jar;C:\Users\AlejoC\.m2\repository\org\springframework\boot\spring-boot-starter\3.0.6\spring-boot-starter-3.0.6.jar;C:\Users\AlejoC\.m2\repository\org\springframework\boot\spring-boot\3.0.6\spring-boot-3.0.6.jar;C:\Users\AlejoC\.m2\repository\org\springframework\boot\spring-boot-autoconfigure\3.0.6\spring-boot-autoconfigure-3.0.6.jar;C:\Users\AlejoC\.m2\repository\org\springframework\boot\spring-boot-starter-logging\3.0.6\spring-boot-starter-logging-3.0.6.jar;C:\Users\AlejoC\.m2\repository\ch\qos\logback\logback-classic\1.4.7\logback-classic-1.4.7.jar;C:\Users\AlejoC\.m2\repository\ch\qos\logback\logback-core\1.4.7\logback-core-1.4.7.jar;C:\Users\AlejoC\.m2\repository\org\apache\logging\log4j\log4j-to-slf4j\2.19.0\log4j-to-slf4j-2.19.0.jar;C:\Users\AlejoC\.m2\repository\org\apache\logging\log4j\log4j-api\2.19.0\log4j-api-2.19.0.jar;C:\Users\AlejoC\.m2\repository\org\slf4j\jul-to-slf4j\2.0.7\jul-to-slf4j-2.0.7.jar;C:\Users\AlejoC\.m2\repository\jakarta\annotation\jakarta.annotation-api\2.1.1\jakarta.annotation-api-2.1.1.jar;C:\Users\AlejoC\.m2\repository\org\yaml\snakeyaml\1.33\snakeyaml-1.33.jar;C:\Users\AlejoC\.m2\repository\org\springframework\spring-aop\6.0.8\spring-aop-6.0.8.jar;C:\Users\AlejoC\.m2\repository\org\springframework\spring-beans\6.0.8\spring-beans-6.0.8.jar;C:\Users\AlejoC\.m2\repository\org\springframework\security\spring-security-config\6.0.3\spring-security-config-6.0.3.jar;C:\Users\AlejoC\.m2\repository\org\springframework\spring-context\6.0.8\spring-context-6.0.8.jar;C:\Users\AlejoC\.m2\repository\org\springframework\security\spring-security-web\6.0.3\spring-security-web-6.0.3.jar;C:\Users\AlejoC\.m2\repository\org\springframework\spring-expression\6.0.8\spring-expression-6.0.8.jar;C:\Users\AlejoC\.m2\repository\org
Launcher Type: SUN_STANDARD

[Global flags]
     intx CICompilerCount                          = 3                                         {product} {ergonomic}
     uint ConcGCThreads                            = 1                                         {product} {ergonomic}
     uint G1ConcRefinementThreads                  = 4                                         {product} {ergonomic}
   size_t G1HeapRegionSize                         = 1048576                                   {product} {ergonomic}
    uintx GCDrainStackTargetSize                   = 64                                        {product} {ergonomic}
   size_t InitialHeapSize                          = 62914560                                  {product} {ergonomic}
   size_t MarkStackSize                            = 4194304                                   {product} {ergonomic}
   size_t MaxHeapSize                              = 1006632960                                {product} {ergonomic}
   size_t MaxNewSize                               = 603979776                                 {product} {ergonomic}
   size_t MinHeapDeltaBytes                        = 1048576                                   {product} {ergonomic}
   size_t MinHeapSize                              = 8388608                                   {product} {ergonomic}
    uintx NonNMethodCodeHeapSize                   = 5832780                                {pd product} {ergonomic}
    uintx NonProfiledCodeHeapSize                  = 122912730                              {pd product} {ergonomic}
    uintx ProfiledCodeHeapSize                     = 122912730                              {pd product} {ergonomic}
    uintx ReservedCodeCacheSize                    = 251658240                              {pd product} {ergonomic}
     bool SegmentedCodeCache                       = true                                      {product} {ergonomic}
   size_t SoftMaxHeapSize                          = 1006632960                             {manageable} {ergonomic}
     bool UseCompressedClassPointers               = true                           {product lp64_product} {ergonomic}
     bool UseCompressedOops                        = true                           {product lp64_product} {ergonomic}
     bool UseG1GC                                  = true                                      {product} {ergonomic}
     bool UseLargePagesIndividualAllocation        = false                                  {pd product} {ergonomic}

Logging:
Log output configuration:
 #0: stdout all=warning uptime,level,tags
 #1: stderr all=off uptime,level,tags

Environment Variables:
JAVA_HOME=C:\Program Files\JDK\jdk17
PATH=C:\Users\AlejoC\AppData\Local\Programs\Python\Python311\Scripts\;C:\Users\AlejoC\AppData\Local\Programs\Python\Python311\;"C:\Users\AlejoC\AppData\Local\Programs\Python\Python311;C:\Users\AlejoC\AppData\Local\Programs\Python\Python311\Scripts";C:\Program Files\JDK\jdk17\bin;C:\Program Files\apache-maven-3.9.0\bin;C:\Windows\system32;C:\Windows;C:\Windows\System32\Wbem;C:\Windows\System32\WindowsPowerShell\v1.0\;C:\Windows\System32\OpenSSH\;C:\Program Files\dotnet\;C:\Program Files\Git\cmd;C:\Program Files\nodejs\;C:\ProgramData\chocolatey\bin;C:\Program Files\JetBrains\PyCharm Community Edition 2022.2.4\bin;;C:\Users\AlejoC\AppData\Local\Programs\Microsoft VS Code\bin;C:\Program Files\JetBrains\IntelliJ IDEA Community Edition 2022.3.2\bin;;C:\Users\AlejoC\AppData\Roaming\npm
USERNAME=AlejoC
OS=Windows_NT
PROCESSOR_IDENTIFIER=AMD64 Family 16 Model 4 Stepping 2, AuthenticAMD
TMP=C:\Users\AlejoC\AppData\Local\Temp
TEMP=C:\Users\AlejoC\AppData\Local\Temp



---------------  S Y S T E M  ---------------

OS:
 Windows 10 , 64 bit Build 19041 (10.0.19041.2788)
OS uptime: 0 days 5:41 hours

CPU: total 4 (initial active 4) (4 cores per cpu, 1 threads per core) family 16 model 4 stepping 2 microcode 0x0, cx8, cmov, fxsr, mmx, 3dnowpref, sse, sse2, sse3, sse4a, popcnt, lzcnt, tsc, tscinvbit, clflush

Memory: 4k page, system-wide physical 3839M (83M free)
TotalPageFile size 8959M (AvailPageFile size 4M)
current process WorkingSet (physical memory assigned to process): 101M, peak: 101M
current process commit charge ("private bytes"): 167M, peak: 169M

vm_info: OpenJDK 64-Bit Server VM (17.0.5+8-LTS) for windows-amd64 JRE (17.0.5+8-LTS), built on Oct 14 2022 02:23:43 by "" with MS VC++ 15.9 (VS2017)

END.
